<?xml version="1.0" encoding="UTF-8"?>
<testng-results skipped="0" failed="0" ignored="0" total="1" passed="1">
  <reporter-output>
  </reporter-output>
  <suite name="Default suite" duration-ms="521" started-at="2020-10-24T19:03:07Z" finished-at="2020-10-24T19:03:07Z">
    <groups>
    </groups>
    <test name="Default test" duration-ms="521" started-at="2020-10-24T19:03:07Z" finished-at="2020-10-24T19:03:07Z">
      <class name="log4j.Demo2">
        <test-method status="PASS" signature="test2()[pri:0, instance:log4j.Demo2@53f65459]" name="test2" duration-ms="372" started-at="2020-10-24T19:03:07Z" finished-at="2020-10-24T19:03:07Z">
          <reporter-output>
          </reporter-output>
        </test-method> <!-- test2 -->
      </class> <!-- log4j.Demo2 -->
    </test> <!-- Default test -->
  </suite> <!-- Default suite -->
</testng-results>
